<?xml version="1.0" encoding="UTF-8"?>
<testsuite xmlns:xsi="http://www.w3.org/2001/XMLSchema-instance" xsi:noNamespaceSchemaLocation="https://maven.apache.org/surefire/maven-surefire-plugin/xsd/surefire-test-report-3.0.xsd" version="3.0" name="com.vendas.online.dao.TesteClienteDao" time="0.156" tests="1" errors="1" skipped="0" failures="0">
  <properties>
    <property name="java.specification.version" value="17"/>
    <property name="sun.jnu.encoding" value="UTF-8"/>
    <property name="java.class.path" value="/home/marcello/cursos/web-server-project/web-server/target/test-classes:/home/marcello/cursos/web-server-project/web-server/target/classes:/home/marcello/.m2/repository/org/jboss/spec/jboss-javaee-all-7.0/1.0.1.Final/jboss-javaee-all-7.0-1.0.1.Final.jar:/home/marcello/.m2/repository/javax/activation/activation/1.1.1/activation-1.1.1.jar:/home/marcello/.m2/repository/javax/enterprise/cdi-api/1.1/cdi-api-1.1.jar:/home/marcello/.m2/repository/javax/inject/javax.inject/1/javax.inject-1.jar:/home/marcello/.m2/repository/javax/jws/jsr181-api/1.0-MR1/jsr181-api-1.0-MR1.jar:/home/marcello/.m2/repository/com/sun/mail/javax.mail/1.5.1/javax.mail-1.5.1.jar:/home/marcello/.m2/repository/javax/validation/validation-api/1.1.0.Final/validation-api-1.1.0.Final.jar:/home/marcello/.m2/repository/org/hibernate/javax/persistence/hibernate-jpa-2.1-api/1.0.0.Final/hibernate-jpa-2.1-api-1.0.0.Final.jar:/home/marcello/.m2/repository/org/jboss/spec/javax/annotation/jboss-annotations-api_1.2_spec/1.0.0.Final/jboss-annotations-api_1.2_spec-1.0.0.Final.jar:/home/marcello/.m2/repository/org/jboss/spec/javax/batch/jboss-batch-api_1.0_spec/1.0.0.Final/jboss-batch-api_1.0_spec-1.0.0.Final.jar:/home/marcello/.m2/repository/org/jboss/spec/javax/ejb/jboss-ejb-api_3.2_spec/1.0.0.Final/jboss-ejb-api_3.2_spec-1.0.0.Final.jar:/home/marcello/.m2/repository/org/jboss/spec/javax/el/jboss-el-api_3.0_spec/1.0.4.Final/jboss-el-api_3.0_spec-1.0.4.Final.jar:/home/marcello/.m2/repository/org/jboss/spec/javax/enterprise/concurrent/jboss-concurrency-api_1.0_spec/1.0.0.Final/jboss-concurrency-api_1.0_spec-1.0.0.Final.jar:/home/marcello/.m2/repository/org/jboss/spec/javax/faces/jboss-jsf-api_2.2_spec/2.2.7/jboss-jsf-api_2.2_spec-2.2.7.jar:/home/marcello/.m2/repository/org/jboss/spec/javax/interceptor/jboss-interceptors-api_1.2_spec/1.0.0.Final/jboss-interceptors-api_1.2_spec-1.0.0.Final.jar:/home/marcello/.m2/repository/org/jboss/spec/javax/json/jboss-json-api_1.0_spec/1.0.0.Final/jboss-json-api_1.0_spec-1.0.0.Final.jar:/home/marcello/.m2/repository/org/jboss/spec/javax/management/j2ee/jboss-j2eemgmt-api_1.1_spec/1.0.1.Final/jboss-j2eemgmt-api_1.1_spec-1.0.1.Final.jar:/home/marcello/.m2/repository/org/jboss/spec/javax/resource/jboss-connector-api_1.7_spec/1.0.0.Final/jboss-connector-api_1.7_spec-1.0.0.Final.jar:/home/marcello/.m2/repository/org/jboss/spec/javax/rmi/jboss-rmi-api_1.0_spec/1.0.4.Final/jboss-rmi-api_1.0_spec-1.0.4.Final.jar:/home/marcello/.m2/repository/org/jboss/spec/javax/security/jacc/jboss-jacc-api_1.5_spec/1.0.0.Final/jboss-jacc-api_1.5_spec-1.0.0.Final.jar:/home/marcello/.m2/repository/org/jboss/spec/javax/security/auth/message/jboss-jaspi-api_1.1_spec/1.0.0.Final/jboss-jaspi-api_1.1_spec-1.0.0.Final.jar:/home/marcello/.m2/repository/org/jboss/spec/javax/jms/jboss-jms-api_2.0_spec/1.0.0.Final/jboss-jms-api_2.0_spec-1.0.0.Final.jar:/home/marcello/.m2/repository/org/jboss/spec/javax/servlet/jboss-servlet-api_3.1_spec/1.0.0.Final/jboss-servlet-api_3.1_spec-1.0.0.Final.jar:/home/marcello/.m2/repository/org/jboss/spec/javax/servlet/jsp/jboss-jsp-api_2.3_spec/1.0.1.Final/jboss-jsp-api_2.3_spec-1.0.1.Final.jar:/home/marcello/.m2/repository/org/jboss/spec/javax/servlet/jstl/jboss-jstl-api_1.2_spec/1.1.2.Final/jboss-jstl-api_1.2_spec-1.1.2.Final.jar:/home/marcello/.m2/repository/org/jboss/spec/javax/transaction/jboss-transaction-api_1.2_spec/1.0.0.Final/jboss-transaction-api_1.2_spec-1.0.0.Final.jar:/home/marcello/.m2/repository/org/jboss/resteasy/jaxrs-api/3.0.8.Final/jaxrs-api-3.0.8.Final.jar:/home/marcello/.m2/repository/org/jboss/spec/javax/websocket/jboss-websocket-api_1.0_spec/1.0.0.Final/jboss-websocket-api_1.0_spec-1.0.0.Final.jar:/home/marcello/.m2/repository/org/jboss/spec/javax/xml/bind/jboss-jaxb-api_2.2_spec/1.0.4.Final/jboss-jaxb-api_2.2_spec-1.0.4.Final.jar:/home/marcello/.m2/repository/org/jboss/spec/javax/xml/soap/jboss-saaj-api_1.3_spec/1.0.3.Final/jboss-saaj-api_1.3_spec-1.0.3.Final.jar:/home/marcello/.m2/repository/org/jboss/spec/javax/xml/ws/jboss-jaxws-api_2.2_spec/2.0.2.Final/jboss-jaxws-api_2.2_spec-2.0.2.Final.jar:/home/marcello/.m2/repository/org/primefaces/primefaces/5.3/primefaces-5.3.jar:/home/marcello/.m2/repository/org/primefaces/themes/all-themes/1.0.10/all-themes-1.0.10.jar:/home/marcello/.m2/repository/org/postgresql/postgresql/42.7.7/postgresql-42.7.7.jar:/home/marcello/.m2/repository/org/checkerframework/checker-qual/3.49.3/checker-qual-3.49.3.jar:/home/marcello/.m2/repository/junit/junit/4.13.2/junit-4.13.2.jar:/home/marcello/.m2/repository/org/hamcrest/hamcrest-core/1.3/hamcrest-core-1.3.jar:/home/marcello/.m2/repository/jakarta/persistence/jakarta.persistence-api/3.2.0/jakarta.persistence-api-3.2.0.jar:"/>
    <property name="java.vm.vendor" value="Oracle Corporation"/>
    <property name="sun.arch.data.model" value="64"/>
    <property name="swing.aatext" value="true"/>
    <property name="java.vendor.url" value="https://java.oracle.com/"/>
    <property name="os.name" value="Linux"/>
    <property name="java.vm.specification.version" value="17"/>
    <property name="sun.java.launcher" value="SUN_STANDARD"/>
    <property name="user.country" value="BR"/>
    <property name="sun.boot.library.path" value="/home/marcello/.sdkman/candidates/java/17.0.11-oracle/lib"/>
    <property name="sun.java.command" value="/home/marcello/cursos/web-server-project/web-server/target/surefire/surefirebooter-20250910185143004_3.jar /home/marcello/cursos/web-server-project/web-server/target/surefire 2025-09-10T18-51-42_795-jvmRun1 surefire-20250910185143004_1tmp surefire_0-20250910185143004_2tmp"/>
    <property name="jdk.debug" value="release"/>
    <property name="surefire.test.class.path" value="/home/marcello/cursos/web-server-project/web-server/target/test-classes:/home/marcello/cursos/web-server-project/web-server/target/classes:/home/marcello/.m2/repository/org/jboss/spec/jboss-javaee-all-7.0/1.0.1.Final/jboss-javaee-all-7.0-1.0.1.Final.jar:/home/marcello/.m2/repository/javax/activation/activation/1.1.1/activation-1.1.1.jar:/home/marcello/.m2/repository/javax/enterprise/cdi-api/1.1/cdi-api-1.1.jar:/home/marcello/.m2/repository/javax/inject/javax.inject/1/javax.inject-1.jar:/home/marcello/.m2/repository/javax/jws/jsr181-api/1.0-MR1/jsr181-api-1.0-MR1.jar:/home/marcello/.m2/repository/com/sun/mail/javax.mail/1.5.1/javax.mail-1.5.1.jar:/home/marcello/.m2/repository/javax/validation/validation-api/1.1.0.Final/validation-api-1.1.0.Final.jar:/home/marcello/.m2/repository/org/hibernate/javax/persistence/hibernate-jpa-2.1-api/1.0.0.Final/hibernate-jpa-2.1-api-1.0.0.Final.jar:/home/marcello/.m2/repository/org/jboss/spec/javax/annotation/jboss-annotations-api_1.2_spec/1.0.0.Final/jboss-annotations-api_1.2_spec-1.0.0.Final.jar:/home/marcello/.m2/repository/org/jboss/spec/javax/batch/jboss-batch-api_1.0_spec/1.0.0.Final/jboss-batch-api_1.0_spec-1.0.0.Final.jar:/home/marcello/.m2/repository/org/jboss/spec/javax/ejb/jboss-ejb-api_3.2_spec/1.0.0.Final/jboss-ejb-api_3.2_spec-1.0.0.Final.jar:/home/marcello/.m2/repository/org/jboss/spec/javax/el/jboss-el-api_3.0_spec/1.0.4.Final/jboss-el-api_3.0_spec-1.0.4.Final.jar:/home/marcello/.m2/repository/org/jboss/spec/javax/enterprise/concurrent/jboss-concurrency-api_1.0_spec/1.0.0.Final/jboss-concurrency-api_1.0_spec-1.0.0.Final.jar:/home/marcello/.m2/repository/org/jboss/spec/javax/faces/jboss-jsf-api_2.2_spec/2.2.7/jboss-jsf-api_2.2_spec-2.2.7.jar:/home/marcello/.m2/repository/org/jboss/spec/javax/interceptor/jboss-interceptors-api_1.2_spec/1.0.0.Final/jboss-interceptors-api_1.2_spec-1.0.0.Final.jar:/home/marcello/.m2/repository/org/jboss/spec/javax/json/jboss-json-api_1.0_spec/1.0.0.Final/jboss-json-api_1.0_spec-1.0.0.Final.jar:/home/marcello/.m2/repository/org/jboss/spec/javax/management/j2ee/jboss-j2eemgmt-api_1.1_spec/1.0.1.Final/jboss-j2eemgmt-api_1.1_spec-1.0.1.Final.jar:/home/marcello/.m2/repository/org/jboss/spec/javax/resource/jboss-connector-api_1.7_spec/1.0.0.Final/jboss-connector-api_1.7_spec-1.0.0.Final.jar:/home/marcello/.m2/repository/org/jboss/spec/javax/rmi/jboss-rmi-api_1.0_spec/1.0.4.Final/jboss-rmi-api_1.0_spec-1.0.4.Final.jar:/home/marcello/.m2/repository/org/jboss/spec/javax/security/jacc/jboss-jacc-api_1.5_spec/1.0.0.Final/jboss-jacc-api_1.5_spec-1.0.0.Final.jar:/home/marcello/.m2/repository/org/jboss/spec/javax/security/auth/message/jboss-jaspi-api_1.1_spec/1.0.0.Final/jboss-jaspi-api_1.1_spec-1.0.0.Final.jar:/home/marcello/.m2/repository/org/jboss/spec/javax/jms/jboss-jms-api_2.0_spec/1.0.0.Final/jboss-jms-api_2.0_spec-1.0.0.Final.jar:/home/marcello/.m2/repository/org/jboss/spec/javax/servlet/jboss-servlet-api_3.1_spec/1.0.0.Final/jboss-servlet-api_3.1_spec-1.0.0.Final.jar:/home/marcello/.m2/repository/org/jboss/spec/javax/servlet/jsp/jboss-jsp-api_2.3_spec/1.0.1.Final/jboss-jsp-api_2.3_spec-1.0.1.Final.jar:/home/marcello/.m2/repository/org/jboss/spec/javax/servlet/jstl/jboss-jstl-api_1.2_spec/1.1.2.Final/jboss-jstl-api_1.2_spec-1.1.2.Final.jar:/home/marcello/.m2/repository/org/jboss/spec/javax/transaction/jboss-transaction-api_1.2_spec/1.0.0.Final/jboss-transaction-api_1.2_spec-1.0.0.Final.jar:/home/marcello/.m2/repository/org/jboss/resteasy/jaxrs-api/3.0.8.Final/jaxrs-api-3.0.8.Final.jar:/home/marcello/.m2/repository/org/jboss/spec/javax/websocket/jboss-websocket-api_1.0_spec/1.0.0.Final/jboss-websocket-api_1.0_spec-1.0.0.Final.jar:/home/marcello/.m2/repository/org/jboss/spec/javax/xml/bind/jboss-jaxb-api_2.2_spec/1.0.4.Final/jboss-jaxb-api_2.2_spec-1.0.4.Final.jar:/home/marcello/.m2/repository/org/jboss/spec/javax/xml/soap/jboss-saaj-api_1.3_spec/1.0.3.Final/jboss-saaj-api_1.3_spec-1.0.3.Final.jar:/home/marcello/.m2/repository/org/jboss/spec/javax/xml/ws/jboss-jaxws-api_2.2_spec/2.0.2.Final/jboss-jaxws-api_2.2_spec-2.0.2.Final.jar:/home/marcello/.m2/repository/org/primefaces/primefaces/5.3/primefaces-5.3.jar:/home/marcello/.m2/repository/org/primefaces/themes/all-themes/1.0.10/all-themes-1.0.10.jar:/home/marcello/.m2/repository/org/postgresql/postgresql/42.7.7/postgresql-42.7.7.jar:/home/marcello/.m2/repository/org/checkerframework/checker-qual/3.49.3/checker-qual-3.49.3.jar:/home/marcello/.m2/repository/junit/junit/4.13.2/junit-4.13.2.jar:/home/marcello/.m2/repository/org/hamcrest/hamcrest-core/1.3/hamcrest-core-1.3.jar:/home/marcello/.m2/repository/jakarta/persistence/jakarta.persistence-api/3.2.0/jakarta.persistence-api-3.2.0.jar:"/>
    <property name="sun.cpu.endian" value="little"/>
    <property name="user.home" value="/home/marcello"/>
    <property name="user.language" value="pt"/>
    <property name="java.specification.vendor" value="Oracle Corporation"/>
    <property name="java.version.date" value="2024-04-16"/>
    <property name="java.home" value="/home/marcello/.sdkman/candidates/java/17.0.11-oracle"/>
    <property name="file.separator" value="/"/>
    <property name="style.color" value="always"/>
    <property name="basedir" value="/home/marcello/cursos/web-server-project/web-server"/>
    <property name="java.vm.compressedOopsMode" value="Zero based"/>
    <property name="line.separator" value="&#10;"/>
    <property name="java.specification.name" value="Java Platform API Specification"/>
    <property name="java.vm.specification.vendor" value="Oracle Corporation"/>
    <property name="surefire.real.class.path" value="/home/marcello/cursos/web-server-project/web-server/target/surefire/surefirebooter-20250910185143004_3.jar"/>
    <property name="awt.useSystemAAFontSettings" value="on"/>
    <property name="sun.management.compiler" value="HotSpot 64-Bit Tiered Compilers"/>
    <property name="java.runtime.version" value="17.0.11+7-LTS-207"/>
    <property name="user.name" value="marcello"/>
    <property name="path.separator" value=":"/>
    <property name="os.version" value="6.8.0-79-generic"/>
    <property name="java.runtime.name" value="Java(TM) SE Runtime Environment"/>
    <property name="file.encoding" value="UTF-8"/>
    <property name="java.vm.name" value="Java HotSpot(TM) 64-Bit Server VM"/>
    <property name="localRepository" value="/home/marcello/.m2/repository"/>
    <property name="java.vendor.url.bug" value="https://bugreport.java.com/bugreport/"/>
    <property name="java.io.tmpdir" value="/tmp"/>
    <property name="java.version" value="17.0.11"/>
    <property name="user.dir" value="/home/marcello/cursos/web-server-project/web-server"/>
    <property name="os.arch" value="amd64"/>
    <property name="java.vm.specification.name" value="Java Virtual Machine Specification"/>
    <property name="native.encoding" value="UTF-8"/>
    <property name="java.library.path" value="/usr/java/packages/lib:/usr/lib64:/lib64:/lib:/usr/lib"/>
    <property name="java.vm.info" value="mixed mode, sharing"/>
    <property name="java.vendor" value="Oracle Corporation"/>
    <property name="java.vm.version" value="17.0.11+7-LTS-207"/>
    <property name="sun.io.unicode.encoding" value="UnicodeLittle"/>
    <property name="java.class.version" value="61.0"/>
  </properties>
  <testcase name="cadastrar" classname="com.vendas.online.dao.TesteClienteDao" time="0.013">
    <error message="Cannot invoke &quot;javax.persistence.EntityManager.persist(Object)&quot; because &quot;this.entityManager&quot; is null" type="java.lang.NullPointerException"><![CDATA[java.lang.NullPointerException: Cannot invoke "javax.persistence.EntityManager.persist(Object)" because "this.entityManager" is null
	at com.vendas.online.dao.generic.GenericDao.cadastrar(GenericDao.java:28)
	at com.vendas.online.dao.TesteClienteDao.cadastrar(TesteClienteDao.java:33)
	at java.base/jdk.internal.reflect.NativeMethodAccessorImpl.invoke0(Native Method)
	at java.base/jdk.internal.reflect.NativeMethodAccessorImpl.invoke(NativeMethodAccessorImpl.java:77)
	at java.base/jdk.internal.reflect.DelegatingMethodAccessorImpl.invoke(DelegatingMethodAccessorImpl.java:43)
	at java.base/java.lang.reflect.Method.invoke(Method.java:568)
	at org.junit.runners.model.FrameworkMethod$1.runReflectiveCall(FrameworkMethod.java:59)
	at org.junit.internal.runners.model.ReflectiveCallable.run(ReflectiveCallable.java:12)
	at org.junit.runners.model.FrameworkMethod.invokeExplosively(FrameworkMethod.java:56)
	at org.junit.internal.runners.statements.InvokeMethod.evaluate(InvokeMethod.java:17)
	at org.junit.runners.ParentRunner$3.evaluate(ParentRunner.java:306)
	at org.junit.runners.BlockJUnit4ClassRunner$1.evaluate(BlockJUnit4ClassRunner.java:100)
	at org.junit.runners.ParentRunner.runLeaf(ParentRunner.java:366)
	at org.junit.runners.BlockJUnit4ClassRunner.runChild(BlockJUnit4ClassRunner.java:103)
	at org.junit.runners.BlockJUnit4ClassRunner.runChild(BlockJUnit4ClassRunner.java:63)
	at org.junit.runners.ParentRunner$4.run(ParentRunner.java:331)
	at org.junit.runners.ParentRunner$1.schedule(ParentRunner.java:79)
	at org.junit.runners.ParentRunner.runChildren(ParentRunner.java:329)
	at org.junit.runners.ParentRunner.access$100(ParentRunner.java:66)
	at org.junit.runners.ParentRunner$2.evaluate(ParentRunner.java:293)
	at org.junit.runners.ParentRunner$3.evaluate(ParentRunner.java:306)
	at org.junit.runners.ParentRunner.run(ParentRunner.java:413)
	at org.apache.maven.surefire.junit4.JUnit4Provider.execute(JUnit4Provider.java:316)
	at org.apache.maven.surefire.junit4.JUnit4Provider.executeWithRerun(JUnit4Provider.java:240)
	at org.apache.maven.surefire.junit4.JUnit4Provider.executeTestSet(JUnit4Provider.java:214)
	at org.apache.maven.surefire.junit4.JUnit4Provider.invoke(JUnit4Provider.java:155)
	at org.apache.maven.surefire.booter.ForkedBooter.runSuitesInProcess(ForkedBooter.java:385)
	at org.apache.maven.surefire.booter.ForkedBooter.execute(ForkedBooter.java:162)
	at org.apache.maven.surefire.booter.ForkedBooter.run(ForkedBooter.java:507)
	at org.apache.maven.surefire.booter.ForkedBooter.main(ForkedBooter.java:495)
]]></error>
  </testcase>
</testsuite>